Log file open, 11/29/14 21:47:48
LogInit:Display: Running engine for game: IndividualGame
LogInit:Warning: Incompatible or missing module: UE4Editor-IndividualGame.dll
Running C:/Program Files/Epic Games/4.5/Engine/Binaries/DotNET/UnrealBuildTool.exe IndividualGame Development Win64 -project="C:/Users/tyler/Documents/GitHub/individual_Project/IndividualGame.uproject" -rocket -editorrecompile -progress
Parsing headers for IndividualGameEditor
Reflection code generated for IndividualGameEditor
Performing 10 actions (4 in parallel)
[2/10] Resource ModuleVersionResource.rc.inl
[3/10] Resource IndividualGame.rc
PCH.IndividualGame.IndividualGame.h.cpp
DossierPickup.cpp
IndividualGame.generated.cpp
IndividualGameCharacter.cpp
IndividualGameGameMode.cpp
Pickup.cpp
IndividualGame.cpp
[10/10] Link UE4Editor-IndividualGame.dll
   Creating library C:\Users\tyler\Documents\GitHub\individual_Project\Intermediate\Build\Win64\IndividualGameEditor\Development\UE4Editor-IndividualGame.lib and object C:\Users\tyler\Documents\GitHub\individual_Project\Intermediate\Build\Win64\IndividualGameEditor\Development\UE4Editor-IndividualGame.exp
-------- End Detailed Actions Stats -----------------------------------------------------------
Cumulative action seconds (4 processors): 0.00 building projects, 42.32 compiling, 0.00 creating app bundles, 0.00 generating debug info, 1.18 linking, 0.00 other
UBT execution time: 56.58 seconds
LogInit: Version: 4.5.1-2336687+++depot+UE4-Releases+4.5
LogInit: API Version: 2326478
LogInit: Compiled (64-bit): Oct 21 2014 22:32:40
LogInit: Compiled with Visual C++: 18.00.21005.01
LogInit: Build Configuration: Development
LogInit: Branch Name: ++depot+UE4-Releases+4.5
LogInit: Command line: 
LogInit: Base directory: C:/Program Files/Epic Games/4.5/Engine/Binaries/Win64/
LogInit: Rocket: 1
[2014.11.29-21.48.48:735][  0]LogTaskGraph: Started task graph with 3 named threads and 4 total threads.
[2014.11.29-21.48.48:774][  0]LogOnline:Warning: No default platform service specified for OnlineSubsystem
[2014.11.29-21.48.48:796][  0]LogInit: Presizing for 0 objects not considered by GC, pre-allocating 0 bytes.
[2014.11.29-21.48.48:804][  0]LogInit: Object subsystem initialized
[2014.11.29-21.48.48:807][  0]LogConsoleResponse:Warning: Skipping Unknown console variable: 'UIScaleRule = ShortestSide'
[2014.11.29-21.48.48:807][  0]LogConsoleResponse:Warning:   Found in ini file 'C:/Users/tyler/Documents/GitHub/individual_Project/Saved/Config/Windows/Engine.ini', in section '[/Script/Engine.RendererSettings]'
[2014.11.29-21.48.48:807][  0]LogConsoleResponse:Warning: Skipping Unknown console variable: 'UIScaleCurve = (EditorCurveData=(Keys=((Time=480.000000,Value=0.444000),(Time=720.000000,Value=0.666000),(Time=1080.000000,Value=1.000000),(Time=8640.000000,Value=8.000000))),ExternalCurve=None)'
[2014.11.29-21.48.48:807][  0]LogConsoleResponse:Warning:   Found in ini file 'C:/Users/tyler/Documents/GitHub/individual_Project/Saved/Config/Windows/Engine.ini', in section '[/Script/Engine.RendererSettings]'
[2014.11.29-21.48.48:807][  0]LogInit: Selected Device Profile: [Windows]
[2014.11.29-21.48.48:807][  0]LogInit: Applying CVar settings loaded from the selected device profile: [Windows]
[2014.11.29-21.48.48:811][  0]LogInit: Computer: PC
[2014.11.29-21.48.48:811][  0]LogInit: User: tyler
[2014.11.29-21.48.48:812][  0]LogInit: CPU Page size=4096, Cores=4
[2014.11.29-21.48.48:812][  0]LogInit: High frequency timer resolution =3.320335 MHz
[2014.11.29-21.48.48:812][  0]LogMemory: Memory total: Physical=7.9GB (8GB approx) Virtual=131072.0GB
[2014.11.29-21.48.48:812][  0]LogMemory: Platform Memory Stats for Windows
[2014.11.29-21.48.48:813][  0]LogMemory: Process Physical Memory: 62.98 MB used, 63.08 MB peak
[2014.11.29-21.48.48:813][  0]LogMemory: Process Virtual Memory: 36.48 MB used, 36.59 MB peak
[2014.11.29-21.48.48:813][  0]LogMemory: Physical Memory: 2274.08 MB used, 8140.23 MB total
[2014.11.29-21.48.48:813][  0]LogMemory: Virtual Memory: 292.18 MB used, 134217728.00 MB total
[2014.11.29-21.48.48:823][  0]LogD3D11RHI: Found D3D11 adapter 0: AMD Radeon HD 7800 Series (Feature Level 11_0)
[2014.11.29-21.48.48:823][  0]LogD3D11RHI: Adapter has 2030MB of dedicated video memory, 0MB of dedicated system memory, and 3840MB of shared system memory, 2 output[s]
[2014.11.29-21.48.48:824][  0]LogD3D11RHI: Found D3D11 adapter 1: Microsoft Basic Render Driver (Feature Level 11_0)
[2014.11.29-21.48.48:824][  0]LogD3D11RHI: Adapter has 0MB of dedicated video memory, 0MB of dedicated system memory, and 256MB of shared system memory, 0 output[s]
[2014.11.29-21.48.48:824][  0]LogD3D11RHI: Chosen D3D11 Adapter Id = 0
[2014.11.29-21.48.48:827][  0]LogRHI: Texture pool is 1361 MB (70% of 1945 MB)
[2014.11.29-21.48.48:831][  0]LogD3D11RHI: Async texture creation disabled: no driver support
[2014.11.29-21.48.48:867][  0]LogTextLocalizationManager: The requested culture ('en_GB') has no localization data; parent culture's ('en') localization data will be used.
[2014.11.29-21.48.48:994][  0]LogContentStreaming: Texture pool size is 0.000000MB
[2014.11.29-21.48.52:838][  0]LogTargetPlatformManager:Display: Building Assets For Windows
[2014.11.29-21.48.53:172][  0]LogTargetPlatformManager:Display: Building Assets For Windows
[2014.11.29-21.48.53:214][  0]LogDerivedDataCache:Display: Max Cache Size: 512 MB
[2014.11.29-21.48.53:246][  0]LogDerivedDataCache: Loaded boot cache 0.03s 40MB C:/Users/tyler/AppData/Local/UnrealEngine/4.5/DerivedDataCache/Boot.ddc.
[2014.11.29-21.48.53:247][  0]LogDerivedDataCache:Display: Loaded Boot cache: C:/Users/tyler/AppData/Local/UnrealEngine/4.5/DerivedDataCache/Boot.ddc
[2014.11.29-21.48.53:247][  0]LogDerivedDataCache: FDerivedDataBackendGraph:  Pak pak cache file ../../../../../../Users/tyler/Documents/GitHub/individual_Project/DerivedDataCache/DDC.ddp not found, will not use a pak cache.
[2014.11.29-21.48.53:247][  0]LogDerivedDataCache: Unable to find inner node Pak for hierarchical cache Hierarchy.
[2014.11.29-21.48.53:300][  0]LogDerivedDataCache:Display: Pak cache opened for reading ../../../Engine/DerivedDataCache/DDC.ddp.
[2014.11.29-21.48.53:311][  0]LogDerivedDataCache: Using Local data cache path C:/Users/tyler/AppData/Local/UnrealEngine/Common/DerivedDataCache: Writable
[2014.11.29-21.48.53:466][  0]LogMeshUtilities: No automatic mesh reduction module available
[2014.11.29-21.48.53:466][  0]LogMeshUtilities: No automatic mesh merging module available
[2014.11.29-21.48.53:645][  0]LogLinker:Warning: Asset '../../../Engine/Content/Functions/Engine_MaterialFunctions02/Texturing/FlipBook.uasset' has been saved with empty engine version. The asset will be loaded but may be incompatible.
[2014.11.29-21.48.53:648][  0]LogLinker:Warning: Asset '../../../Engine/Content/Functions/Engine_MaterialFunctions02/ExampleContent/Textures/flipbook.uasset' has been saved with empty engine version. The asset will be loaded but may be incompatible.
[2014.11.29-21.48.53:808][  0]LogInit: WinSock: version 1.1 (2.2), MaxSocks=32767, MaxUdp=65467
[2014.11.29-21.48.54:652][  0]UdpMessaging: Initializing bridge on interface 0.0.0.0:0 to multicast group 230.0.0.1:6666.
[2014.11.29-21.48.56:496][  0]SourceControl: Info Source control is disabled
[2014.11.29-21.48.56:496][  0]SourceControl: Info Source control is disabled
[2014.11.29-21.48.56:501][  0]SourceControl: Info Source control is disabled
[2014.11.29-21.48.56:588][  0]LogObj: 31741 objects as part of root set at end of initial load.
[2014.11.29-21.48.56:588][  0]LogUObjectAllocator: 7860200 out of 0 bytes used by permanent object pool.
[2014.11.29-21.48.56:637][  0]LogEngine: Initializing Engine...
[2014.11.29-21.48.56:752][  0]LogInit: XAudio2 using '1 - 26'' TFT-TV (AMD High Definition Audio Device)' : 2 channels at 48 kHz using 16 bits per sample (channel mask 0x3)
[2014.11.29-21.48.56:765][  0]LogInit: FAudioDevice initialized.
[2014.11.29-21.48.56:782][  0]LogAIModule: Creating AISystem for world NewWorld
[2014.11.29-21.48.56:801][  0]LogDerivedDataCache: Saved boot cache 0.02s 40MB C:/Users/tyler/AppData/Local/UnrealEngine/4.5/DerivedDataCache/Boot.ddc.
[2014.11.29-21.48.56:803][  0]LogInit: Texture streaming: Enabled
[2014.11.29-21.48.56:836][  0]LogInit: Transaction tracking system initialized
[2014.11.29-21.48.56:907][  0]BlueprintLog: New page: Editor Load
[2014.11.29-21.48.56:932][  0]LogAssetRegistry: FAssetRegistry took 0.0104 seconds to start up
[2014.11.29-21.48.56:932][  0]LogDirectoryWatcher:Warning: Failed to begin reading directory changes for ../../../Engine/Plugins/Experimental/CharacterAI/Content/. Error: 0
[2014.11.29-21.48.57:296][  0]LogTargetPlatformManager:Display: Building Assets For Windows
[2014.11.29-21.48.57:560][  0]LogTargetPlatformManager:Display: Building Assets For Windows
[2014.11.29-21.48.58:005][  0]LogConsoleResponse:Display: 
[2014.11.29-21.48.58:173][  0]SourceControl: Info Source control is disabled
[2014.11.29-21.48.58:173][  0]Cmd: MAP LOAD FILE="../../../../../../Users/tyler/Documents/GitHub/individual_Project/Content/Maps/Castle.umap" TEMPLATE=0 SHOWPROGRESS=1
[2014.11.29-21.48.58:180][  0]LightingResults: New page: Lighting Build
[2014.11.29-21.48.58:187][  0]MapCheck: New page: Map Check
[2014.11.29-21.48.58:187][  0]LightingResults: New page: Lighting Build
[2014.11.29-21.48.58:215][  0]LogParticles: Destroying 0 GPU particle simulations for FXSystem 0x000000CAA2487740
[2014.11.29-21.49.03:687][  0]LogTexture:Display: Building textures: HQ_Lightmap1_2 (AutoDXT)
[2014.11.29-21.49.03:735][  0]LogTexture:Display: Building textures: HQ_Lightmap1_3 (AutoDXT)
[2014.11.29-21.49.03:760][  0]LogTexture:Display: Building textures: HQ_Lightmap1_4 (AutoDXT)
[2014.11.29-21.49.03:771][  0]LogTexture:Display: Building textures: HQ_Lightmap1_5 (AutoDXT)
[2014.11.29-21.49.03:815][  0]LogTexture:Display: Building textures: LQ_Lightmap_1_2 (DXT1)
[2014.11.29-21.49.03:824][  0]LogTexture:Display: Building textures: LQ_Lightmap_1_3 (DXT1)
[2014.11.29-21.49.03:834][  0]LogTexture:Display: Building textures: LQ_Lightmap_1_4 (DXT1)
[2014.11.29-21.49.03:844][  0]LogTexture:Display: Building textures: LQ_Lightmap_1_5 (DXT1)
[2014.11.29-21.49.04:207][  0]LogEditorServer: Finished looking for orphan Actors (0.000 secs)
[2014.11.29-21.49.04:247][  0]LogAIModule: Creating AISystem for world Castle
[2014.11.29-21.49.04:248][  0]Cmd: MAP CHECKDEP
[2014.11.29-21.49.04:248][  0]MapCheck: New page: Castle - 29 Nov 2014 21:49:04
[2014.11.29-21.49.04:369][  0]MapCheck: Info Map check complete: 0 Error(s), 0 Warning(s), took 119.853ms to complete.
[2014.11.29-21.49.04:369][  0]LogFileHelpers: Loading map 'Castle' took 6.196
[2014.11.29-21.49.04:861][  0]LogCollectionManager: Loaded 0 collections in 0.001931 seconds
[2014.11.29-21.49.06:038][  0]LogCrashTracker: Crashtracker disabled due to settings.
[2014.11.29-21.49.06:209][  0]LogUObjectGlobals:Warning: Failed to find object 'Class None.'
[2014.11.29-21.49.06:251][  0]LogLoad: Full Startup: 78.63 seconds (BP compile: 0.47 seconds)
[2014.11.29-21.49.07:197][  0]LogRenderer:Warning: Reallocating scene render targets to support 1136x904.
[2014.11.29-21.49.23:516][374]LogAssetRegistry: Asset discovery search completed in 26.5956 seconds
[2014.11.29-21.53.53:443][364]Running C:/Program Files/Epic Games/4.5/Engine/Binaries/DotNET/UnrealBuildTool.exe -projectfiles -project="C:/Users/tyler/Documents/GitHub/individual_Project/IndividualGame.uproject" -game -rocket -progress
[2014.11.29-21.53.53:747][364]Discovering modules, targets and source code for game...
[2014.11.29-21.54.04:971][444]LogVSAccessor: Couldn't get item operations. Visual Studio may still be initializing.
[2014.11.29-21.54.11:349][447]LogVSAccessor:Warning: Couldn't goto line number '0' in 'C:/Users/tyler/Documents/GitHub/individual_Project/Source/IndividualGame/Public/Usable.h'
[2014.11.29-21.54.11:516][447]LogVSAccessor:Warning: Couldn't goto line number '0' in 'C:/Users/tyler/Documents/GitHub/individual_Project/Source/IndividualGame/Private/Usable.cpp'
[2014.11.29-21.56.33:890][384]LogWindowsTextInputMethodSystem:Error: Deactivating a context failed while setting focus to the disabled TSF document manager.
[2014.11.29-21.56.41:264][ 40]LogWindowsTextInputMethodSystem:Error: Deactivating a context failed while setting focus to the disabled TSF document manager.
[2014.11.29-21.57.07:838][644]LogEditorViewport: Clicking on Actor (LMB): StaticMeshActor (SM_Template_Map_Floor)
[2014.11.29-21.57.13:317][116]LogWindowsTextInputMethodSystem:Error: Deactivating a context failed while setting focus to the disabled TSF document manager.
[2014.11.29-21.57.13:402][123]Running C:/Program Files/Epic Games/4.5/Engine/Binaries/DotNET/UnrealBuildTool.exe -projectfiles -project="C:/Users/tyler/Documents/GitHub/individual_Project/IndividualGame.uproject" -game -rocket -progress
[2014.11.29-21.57.13:706][123]Discovering modules, targets and source code for game...
[2014.11.29-21.57.19:238][186]LogVSAccessor:Warning: Couldn't goto line number '0' in 'C:/Users/tyler/Documents/GitHub/individual_Project/Source/IndividualGame/Public/Usable.h'
[2014.11.29-21.57.19:313][186]LogVSAccessor:Warning: Couldn't goto line number '0' in 'C:/Users/tyler/Documents/GitHub/individual_Project/Source/IndividualGame/Private/Usable.cpp'
[2014.11.30-00.06.24:854][532]LogHotReload: New module detected: UE4Editor-IndividualGame-7967.dll
[2014.11.30-00.06.25:217][534]LogHotReload: Starting Hot-Reload from IDE
[2014.11.30-00.06.25:313][534]LogModuleManager:Warning: ModuleManager: Unable to load module 'IndividualGame' because the file 'C:/Users/tyler/Documents/GitHub/individual_Project/Binaries/Win64/UE4Editor-IndividualGame-7967.dll' was not found.
[2014.11.30-00.06.25:314][534]Warning: HotReload failed, reload failed /Script/IndividualGame.
[2014.11.30-01.02.35:529][643]Cmd: QUIT_EDITOR
[2014.11.30-01.02.35:802][643]LogExit: Preparing to exit.
[2014.11.30-01.02.36:029][643]LogExit: Editor shut down
[2014.11.30-01.02.36:030][643]LogExit: Transaction tracking system shut down
[2014.11.30-01.02.36:030][643]LogParticles: Destroying 0 GPU particle simulations for FXSystem 0x000000CA99A0E480
[2014.11.30-01.02.36:031][643]LogParticles: Destroying 0 GPU particle simulations for FXSystem 0x000000CAA9400A40
[2014.11.30-01.02.36:061][643]LogParticles: Destroying 0 GPU particle simulations for FXSystem 0x000000CAA9401A80
[2014.11.30-01.02.36:061][643]LogExit: Object subsystem successfully closed.
[2014.11.30-01.02.36:108][643]LogModuleManager: Shutting down and abandoning module AndroidDeviceDetection (167)
[2014.11.30-01.02.36:108][643]LogModuleManager: Shutting down and abandoning module CrashTracker (166)
[2014.11.30-01.02.36:108][643]LogModuleManager: Shutting down and abandoning module SuperSearch (165)
[2014.11.30-01.02.36:108][643]LogModuleManager: Shutting down and abandoning module SceneOutliner (164)
[2014.11.30-01.02.36:108][643]LogModuleManager: Shutting down and abandoning module EditorWidgets (163)
[2014.11.30-01.02.36:108][643]LogModuleManager: Shutting down and abandoning module CollectionManager (162)
[2014.11.30-01.02.36:108][643]LogModuleManager: Shutting down and abandoning module StatsViewer (161)
[2014.11.30-01.02.36:108][643]LogModuleManager: Shutting down and abandoning module FoliageEdit (160)
[2014.11.30-01.02.36:108][643]LogModuleManager: Shutting down and abandoning module LandscapeEditor (159)
[2014.11.30-01.02.36:108][643]LogModuleManager: Shutting down and abandoning module MeshPaint (158)
[2014.11.30-01.02.36:108][643]LogModuleManager: Shutting down and abandoning module ActorPickerMode (157)
[2014.11.30-01.02.36:108][643]LogModuleManager: Shutting down and abandoning module GeometryMode (156)
[2014.11.30-01.02.36:108][643]LogModuleManager: Shutting down and abandoning module TextureAlignMode (155)
[2014.11.30-01.02.36:108][643]LogModuleManager: Shutting down and abandoning module BspMode (154)
[2014.11.30-01.02.36:108][643]LogModuleManager: Shutting down and abandoning module PlacementMode (153)
[2014.11.30-01.02.36:108][643]LogModuleManager: Shutting down and abandoning module AutomationWorker (152)
[2014.11.30-01.02.36:109][643]LogModuleManager: Shutting down and abandoning module CharacterAI (151)
[2014.11.30-01.02.36:109][643]LogModuleManager: Shutting down and abandoning module GameProjectGeneration (150)
[2014.11.30-01.02.36:109][643]LogModuleManager: Shutting down and abandoning module IntroTutorials (149)
[2014.11.30-01.02.36:109][643]LogModuleManager: Shutting down and abandoning module EditorLiveStreaming (148)
[2014.11.30-01.02.36:109][643]LogModuleManager: Shutting down and abandoning module HardwareTargeting (147)
[2014.11.30-01.02.36:109][643]LogModuleManager: Shutting down and abandoning module BehaviorTreeEditor (146)
[2014.11.30-01.02.36:109][643]LogModuleManager: Shutting down and abandoning module DeviceProfileEditor (145)
[2014.11.30-01.02.36:109][643]LogModuleManager: Shutting down and abandoning module UndoHistory (144)
[2014.11.30-01.02.36:109][643]LogModuleManager: Shutting down and abandoning module GameplayTagsEditor (143)
[2014.11.30-01.02.36:109][643]LogModuleManager: Shutting down and abandoning module UserFeedback (142)
[2014.11.30-01.02.36:109][643]LogModuleManager: Shutting down and abandoning module XmlParser (141)
[2014.11.30-01.02.36:109][643]LogModuleManager: Shutting down and abandoning module Blutility (140)
[2014.11.30-01.02.36:109][643]LogModuleManager: Shutting down and abandoning module IOSPlatformEditor (139)
[2014.11.30-01.02.36:109][643]LogModuleManager: Shutting down and abandoning module IOSRuntimeSettings (138)
[2014.11.30-01.02.36:109][643]LogModuleManager: Shutting down and abandoning module AndroidPlatformEditor (137)
[2014.11.30-01.02.36:109][643]LogModuleManager: Shutting down and abandoning module AndroidRuntimeSettings (136)
[2014.11.30-01.02.36:109][643]LogModuleManager: Shutting down and abandoning module ProjectTargetPlatformEditor (135)
[2014.11.30-01.02.36:109][643]LogModuleManager: Shutting down and abandoning module ProjectSettingsViewer (134)
[2014.11.30-01.02.36:109][643]LogModuleManager: Shutting down and abandoning module InputBindingEditor (133)
[2014.11.30-01.02.36:109][643]LogModuleManager: Shutting down and abandoning module EditorSettingsViewer (132)
[2014.11.30-01.02.36:109][643]LogModuleManager: Shutting down and abandoning module SettingsEditor (131)
[2014.11.30-01.02.36:109][643]LogModuleManager: Shutting down and abandoning module ProjectLauncher (130)
[2014.11.30-01.02.36:109][643]LogModuleManager: Shutting down and abandoning module SessionFrontend (129)
[2014.11.30-01.02.36:109][643]LogModuleManager: Shutting down and abandoning module ProfilerClient (128)
[2014.11.30-01.02.36:109][643]LogModuleManager: Shutting down and abandoning module TargetDeviceServices (127)
[2014.11.30-01.02.36:109][643]LogModuleManager: Shutting down and abandoning module DeviceManager (126)
[2014.11.30-01.02.36:109][643]LogModuleManager: Shutting down and abandoning module AutomationController (125)
[2014.11.30-01.02.36:109][643]LogModuleManager: Shutting down and abandoning module AutomationWindow (124)
[2014.11.30-01.02.36:109][643]LogModuleManager: Shutting down and abandoning module Layers (123)
[2014.11.30-01.02.36:109][643]LogModuleManager: Shutting down and abandoning module ComponentVisualizers (122)
[2014.11.30-01.02.36:109][643]LogModuleManager: Shutting down and abandoning module DetailCustomizations (121)
[2014.11.30-01.02.36:109][643]LogModuleManager: Shutting down and abandoning module PackagesDialog (120)
[2014.11.30-01.02.36:109][643]LogModuleManager: Shutting down and abandoning module AssetRegistry (119)
[2014.11.30-01.02.36:195][643]LogModuleManager: Shutting down and abandoning module Persona (118)
[2014.11.30-01.02.36:195][643]LogModuleManager: Shutting down and abandoning module Kismet (117)
[2014.11.30-01.02.36:195][643]LogModuleManager: Shutting down and abandoning module GraphEditor (116)
[2014.11.30-01.02.36:195][643]LogModuleManager: Shutting down and abandoning module ClassViewer (115)
[2014.11.30-01.02.36:195][643]LogModuleManager: Shutting down and abandoning module Toolbox (114)
[2014.11.30-01.02.36:195][643]LogModuleManager: Shutting down and abandoning module ModuleUI (113)
[2014.11.30-01.02.36:195][643]LogModuleManager: Shutting down and abandoning module MovieSceneTools (112)
[2014.11.30-01.02.36:195][643]LogModuleManager: Shutting down and abandoning module OutputLog (111)
[2014.11.30-01.02.36:195][643]LogModuleManager: Shutting down and abandoning module GammaUI (110)
[2014.11.30-01.02.36:196][643]LogModuleManager: Shutting down and abandoning module Documentation (109)
[2014.11.30-01.02.36:196][643]LogModuleManager: Shutting down and abandoning module GameLiveStreaming (108)
[2014.11.30-01.02.36:196][643]LogModuleManager: Shutting down and abandoning module StreamingPauseRendering (107)
[2014.11.30-01.02.36:196][643]LogModuleManager: Shutting down and abandoning module HTTP (106)
[2014.11.30-01.02.36:196][643]LogModuleManager: Shutting down and abandoning module AnalyticsET (105)
[2014.11.30-01.02.36:196][643]LogModuleManager: Shutting down and abandoning module Analytics (104)
[2014.11.30-01.02.36:196][643]LogModuleManager: Shutting down and abandoning module GameplayDebugger (103)
[2014.11.30-01.02.36:196][643]LogModuleManager: Shutting down and abandoning module AIModule (102)
[2014.11.30-01.02.36:196][643]LogModuleManager: Shutting down and abandoning module ProfilerService (101)
[2014.11.30-01.02.36:384][643]LogModuleManager: Shutting down and abandoning module TaskGraph (100)
[2014.11.30-01.02.36:384][643]LogModuleManager: Shutting down and abandoning module SlateRemote (99)
[2014.11.30-01.02.36:384][643]LogModuleManager: Shutting down and abandoning module ScriptEditorPlugin (98)
[2014.11.30-01.02.36:384][643]LogModuleManager: Shutting down and abandoning module CustomMeshComponent (97)
[2014.11.30-01.02.36:384][643]LogModuleManager: Shutting down and abandoning module CableComponent (96)
[2014.11.30-01.02.36:384][643]LogModuleManager: Shutting down and abandoning module MessagingDebugger (95)
[2014.11.30-01.02.36:384][643]LogModuleManager: Shutting down and abandoning module MediaPlayerEditor (94)
[2014.11.30-01.02.36:384][643]LogModuleManager: Shutting down and abandoning module SpeedTreeImporter (93)
[2014.11.30-01.02.36:384][643]LogModuleManager: Shutting down and abandoning module PluginsEditor (92)
[2014.11.30-01.02.36:384][643]LogModuleManager: Shutting down and abandoning module EpicSurvey (91)
[2014.11.30-01.02.36:384][643]LogModuleManager: Shutting down and abandoning module VisualStudioSourceCodeAccess (90)
[2014.11.30-01.02.36:384][643]LogModuleManager: Shutting down and abandoning module UObjectPlugin (89)
[2014.11.30-01.02.36:384][643]LogModuleManager: Shutting down and abandoning module SubversionSourceControl (88)
[2014.11.30-01.02.36:384][643]LogModuleManager: Shutting down and abandoning module SourceControl (87)
[2014.11.30-01.02.36:384][643]LogModuleManager: Shutting down and abandoning module PerforceSourceControl (86)
[2014.11.30-01.02.36:384][643]LogModuleManager: Shutting down and abandoning module BlankPlugin (85)
[2014.11.30-01.02.36:384][643]LogModuleManager: Shutting down and abandoning module SlateReflector (84)
[2014.11.30-01.02.36:385][643]LogModuleManager: Shutting down and abandoning module DirectoryWatcher (83)
[2014.11.30-01.02.36:386][643]LogModuleManager: Shutting down and abandoning module HotReload (82)
[2014.11.30-01.02.36:386][643]LogModuleManager: Shutting down and abandoning module MainFrame (81)
[2014.11.30-01.02.36:386][643]LogModuleManager: Shutting down and abandoning module LevelEditor (80)
[2014.11.30-01.02.36:388][643]LogModuleManager: Shutting down and abandoning module ViewportSnapping (79)
[2014.11.30-01.02.36:388][643]LogModuleManager: Shutting down and abandoning module SmartSnapping (78)
[2014.11.30-01.02.36:388][643]LogModuleManager: Shutting down and abandoning module PaperTiledImporter (77)
[2014.11.30-01.02.36:388][643]LogModuleManager: Shutting down and abandoning module PaperJsonImporter (76)
[2014.11.30-01.02.36:388][643]LogModuleManager: Shutting down and abandoning module ContentBrowser (75)
[2014.11.30-01.02.36:388][643]LogModuleManager: Shutting down and abandoning module PropertyEditor (74)
[2014.11.30-01.02.36:388][643]LogModuleManager: Shutting down and abandoning module Paper2DEditor (73)
[2014.11.30-01.02.36:388][643]LogModuleManager: Shutting down and abandoning module ScriptPlugin (71)
[2014.11.30-01.02.36:388][643]LogModuleManager: Shutting down and abandoning module UdpMessaging (70)
[2014.11.30-01.02.36:489][643]LogModuleManager: Shutting down and abandoning module Paper2D (69)
[2014.11.30-01.02.36:489][643]LogModuleManager: Shutting down and abandoning module WindowsMoviePlayer (68)
[2014.11.30-01.02.36:494][643]LogModuleManager: Shutting down and abandoning module Media (67)
[2014.11.30-01.02.36:494][643]LogModuleManager: Shutting down and abandoning module WmfMedia (66)
[2014.11.30-01.02.36:494][643]LogModuleManager: Shutting down and abandoning module OnlineBlueprintSupport (65)
[2014.11.30-01.02.36:494][643]LogModuleManager: Shutting down and abandoning module FunctionalTesting (64)
[2014.11.30-01.02.36:494][643]LogModuleManager: Shutting down and abandoning module CollisionAnalyzer (63)
[2014.11.30-01.02.36:494][643]LogModuleManager: Shutting down and abandoning module WorkspaceMenuStructure (62)
[2014.11.30-01.02.36:494][643]LogModuleManager: Shutting down and abandoning module MessageLog (61)
[2014.11.30-01.02.36:494][643]LogModuleManager: Shutting down and abandoning module Sequencer (60)
[2014.11.30-01.02.36:494][643]LogModuleManager: Shutting down and abandoning module AssetTools (59)
[2014.11.30-01.02.36:495][643]LogModuleManager: Shutting down and abandoning module UMGEditor (58)
[2014.11.30-01.02.36:495][643]LogModuleManager: Shutting down and abandoning module UMG (57)
[2014.11.30-01.02.36:495][643]LogModuleManager: Shutting down and abandoning module Slate (56)
[2014.11.30-01.02.36:495][643]LogModuleManager: Shutting down and abandoning module EditorStyle (55)
[2014.11.30-01.02.36:497][643]LogModuleManager: Shutting down and abandoning module SessionServices (54)
[2014.11.30-01.02.36:498][643]LogModuleManager: Shutting down and abandoning module SourceCodeAccess (53)
[2014.11.30-01.02.36:498][643]LogModuleManager: Shutting down and abandoning module HeadMountedDisplay (52)
[2014.11.30-01.02.36:498][643]LogModuleManager: Shutting down and abandoning module XAudio2 (51)
[2014.11.30-01.02.36:498][643]LogModuleManager: Shutting down and abandoning module Networking (49)
[2014.11.30-01.02.36:498][643]LogModuleManager: Shutting down and abandoning module Core (48)
[2014.11.30-01.02.36:498][643]LogModuleManager: Shutting down and abandoning module KismetCompiler (47)
[2014.11.30-01.02.36:498][643]LogModuleManager: Shutting down and abandoning module PhysXFormats (46)
[2014.11.30-01.02.36:498][643]LogModuleManager: Shutting down and abandoning module MeshUtilities (45)
[2014.11.30-01.02.36:498][643]LogModuleManager: Shutting down and abandoning module DerivedDataCache (44)
[2014.11.30-01.02.36:576][643]LogDerivedDataCache: Shutdown
[2014.11.30-01.02.36:576][643]LogModuleManager: Shutting down and abandoning module ShaderFormatOpenGL (43)
[2014.11.30-01.02.36:576][643]LogModuleManager: Shutting down and abandoning module ShaderFormatD3D (42)
[2014.11.30-01.02.36:576][643]LogModuleManager: Shutting down and abandoning module MetalShaderFormat (41)
[2014.11.30-01.02.36:576][643]LogModuleManager: Shutting down and abandoning module TextureFormatUncompressed (40)
[2014.11.30-01.02.36:576][643]LogModuleManager: Shutting down and abandoning module TextureFormatPVR (39)
[2014.11.30-01.02.36:576][643]LogModuleManager: Shutting down and abandoning module TextureFormatDXT (38)
[2014.11.30-01.02.36:576][643]LogModuleManager: Shutting down and abandoning module TextureFormatAndroid (37)
[2014.11.30-01.02.36:576][643]LogModuleManager: Shutting down and abandoning module AudioFormatOpus (36)
[2014.11.30-01.02.36:576][643]LogModuleManager: Shutting down and abandoning module AudioFormatOgg (35)
[2014.11.30-01.02.36:576][643]LogModuleManager: Shutting down and abandoning module AudioFormatADPCM (34)
[2014.11.30-01.02.36:576][643]LogModuleManager: Shutting down and abandoning module Messaging (33)
[2014.11.30-01.02.36:576][643]LogModuleManager: Shutting down and abandoning module IOSTargetPlatform (32)
[2014.11.30-01.02.36:576][643]LogModuleManager: Shutting down and abandoning module Android_PVRTCTargetPlatform (31)
[2014.11.30-01.02.36:576][643]LogModuleManager: Shutting down and abandoning module Android_ETC2TargetPlatform (30)
[2014.11.30-01.02.36:576][643]LogModuleManager: Shutting down and abandoning module Android_ETC1TargetPlatform (29)
[2014.11.30-01.02.36:576][643]LogModuleManager: Shutting down and abandoning module Android_DXTTargetPlatform (28)
[2014.11.30-01.02.36:576][643]LogModuleManager: Shutting down and abandoning module Android_ATCTargetPlatform (27)
[2014.11.30-01.02.36:576][643]LogModuleManager: Shutting down and abandoning module AndroidTargetPlatform (26)
[2014.11.30-01.02.36:576][643]LogModuleManager: Shutting down and abandoning module WindowsTargetPlatform (25)
[2014.11.30-01.02.36:576][643]LogModuleManager: Shutting down and abandoning module WindowsServerTargetPlatform (24)
[2014.11.30-01.02.36:576][643]LogModuleManager: Shutting down and abandoning module WindowsNoEditorTargetPlatform (23)
[2014.11.30-01.02.36:576][643]LogModuleManager: Shutting down and abandoning module WindowsClientTargetPlatform (22)
[2014.11.30-01.02.36:576][643]LogModuleManager: Shutting down and abandoning module TargetPlatform (21)
[2014.11.30-01.02.36:576][643]LogModuleManager: Shutting down and abandoning module InputCore (20)
[2014.11.30-01.02.36:576][643]LogModuleManager: Shutting down and abandoning module Settings (19)
[2014.11.30-01.02.36:576][643]LogModuleManager: Shutting down and abandoning module ImageWrapper (18)
[2014.11.30-01.02.36:576][643]LogModuleManager: Shutting down and abandoning module OculusRift (15)
[2014.11.30-01.02.36:577][643]LogModuleManager: Shutting down and abandoning module ExampleDeviceProfileSelector (14)
[2014.11.30-01.02.36:577][643]LogModuleManager: Shutting down and abandoning module DesktopPlatform (13)
[2014.11.30-01.02.36:577][643]LogModuleManager: Shutting down and abandoning module TextureCompressor (12)
[2014.11.30-01.02.36:577][643]LogModuleManager: Shutting down and abandoning module ShaderCore (11)
[2014.11.30-01.02.36:577][643]LogModuleManager: Shutting down and abandoning module SlateRHIRenderer (10)
[2014.11.30-01.02.36:579][643]LogModuleManager: Shutting down and abandoning module OpenGLDrv (9)
[2014.11.30-01.02.36:579][643]LogModuleManager: Shutting down and abandoning module D3D11RHI (8)
[2014.11.30-01.02.36:579][643]LogModuleManager: Shutting down and abandoning module Renderer (7)
[2014.11.30-01.02.36:579][643]LogModuleManager: Shutting down and abandoning module Engine (6)
[2014.11.30-01.02.36:579][643]LogModuleManager: Shutting down and abandoning module CoreUObject (5)
[2014.11.30-01.02.36:579][643]LogModuleManager: Shutting down and abandoning module NetworkFile (4)
[2014.11.30-01.02.36:579][643]LogModuleManager: Shutting down and abandoning module StreamingFile (3)
[2014.11.30-01.02.36:579][643]LogModuleManager: Shutting down and abandoning module SandboxFile (2)
[2014.11.30-01.02.36:579][643]LogModuleManager: Shutting down and abandoning module PakFile (1)
[2014.11.30-01.02.36:580][643]LogExit: Exiting.
[2014.11.30-01.02.36:601][643]Log file closed, 11/30/14 01:02:36
