Log file open, 11/30/14 00:23:26
LogInit:Display: Running engine for game: IndividualGame
LogInit: Version: 4.5.1-2336687+++depot+UE4-Releases+4.5
LogInit: API Version: 2326478
LogInit: Compiled (64-bit): Oct 21 2014 22:32:40
LogInit: Compiled with Visual C++: 18.00.21005.01
LogInit: Build Configuration: Development
LogInit: Branch Name: ++depot+UE4-Releases+4.5
LogInit: Command line: 
LogInit: Base directory: C:/Program Files/Epic Games/4.5/Engine/Binaries/Win64/
LogInit: Rocket: 1
[2014.11.30-00.23.26:296][  0]LogTaskGraph: Started task graph with 3 named threads and 4 total threads.
[2014.11.30-00.23.26:329][  0]LogOnline:Warning: No default platform service specified for OnlineSubsystem
[2014.11.30-00.23.26:354][  0]LogInit: Presizing for 0 objects not considered by GC, pre-allocating 0 bytes.
[2014.11.30-00.23.26:363][  0]LogInit: Object subsystem initialized
[2014.11.30-00.23.26:367][  0]LogConsoleResponse:Warning: Skipping Unknown console variable: 'UIScaleRule = ShortestSide'
[2014.11.30-00.23.26:367][  0]LogConsoleResponse:Warning:   Found in ini file 'C:/Users/tyler/Documents/GitHub/individual_Project/Saved/Config/Windows/Engine.ini', in section '[/Script/Engine.RendererSettings]'
[2014.11.30-00.23.26:368][  0]LogConsoleResponse:Warning: Skipping Unknown console variable: 'UIScaleCurve = (EditorCurveData=(Keys=((Time=480.000000,Value=0.444000),(Time=720.000000,Value=0.666000),(Time=1080.000000,Value=1.000000),(Time=8640.000000,Value=8.000000))),ExternalCurve=None)'
[2014.11.30-00.23.26:368][  0]LogConsoleResponse:Warning:   Found in ini file 'C:/Users/tyler/Documents/GitHub/individual_Project/Saved/Config/Windows/Engine.ini', in section '[/Script/Engine.RendererSettings]'
[2014.11.30-00.23.26:369][  0]LogInit: Selected Device Profile: [Windows]
[2014.11.30-00.23.26:370][  0]LogInit: Applying CVar settings loaded from the selected device profile: [Windows]
[2014.11.30-00.23.26:377][  0]LogInit: Computer: PC
[2014.11.30-00.23.26:378][  0]LogInit: User: tyler
[2014.11.30-00.23.26:379][  0]LogInit: CPU Page size=4096, Cores=4
[2014.11.30-00.23.26:379][  0]LogInit: High frequency timer resolution =3.320335 MHz
[2014.11.30-00.23.26:379][  0]LogMemory: Memory total: Physical=7.9GB (8GB approx) Virtual=131072.0GB
[2014.11.30-00.23.26:380][  0]LogMemory: Platform Memory Stats for Windows
[2014.11.30-00.23.26:380][  0]LogMemory: Process Physical Memory: 61.12 MB used, 61.12 MB peak
[2014.11.30-00.23.26:380][  0]LogMemory: Process Virtual Memory: 36.24 MB used, 36.24 MB peak
[2014.11.30-00.23.26:381][  0]LogMemory: Physical Memory: 4597.59 MB used, 8140.23 MB total
[2014.11.30-00.23.26:381][  0]LogMemory: Virtual Memory: 275.44 MB used, 134217728.00 MB total
[2014.11.30-00.23.26:436][  0]LogD3D11RHI: Found D3D11 adapter 0: AMD Radeon HD 7800 Series (Feature Level 11_0)
[2014.11.30-00.23.26:436][  0]LogD3D11RHI: Adapter has 2030MB of dedicated video memory, 0MB of dedicated system memory, and 3840MB of shared system memory, 2 output[s]
[2014.11.30-00.23.26:473][  0]LogD3D11RHI: Found D3D11 adapter 1: Microsoft Basic Render Driver (Feature Level 11_0)
[2014.11.30-00.23.26:473][  0]LogD3D11RHI: Adapter has 0MB of dedicated video memory, 0MB of dedicated system memory, and 256MB of shared system memory, 0 output[s]
[2014.11.30-00.23.26:474][  0]LogD3D11RHI: Chosen D3D11 Adapter Id = 0
[2014.11.30-00.23.26:477][  0]LogRHI: Texture pool is 1361 MB (70% of 1945 MB)
[2014.11.30-00.23.26:499][  0]LogD3D11RHI: Async texture creation disabled: no driver support
[2014.11.30-00.23.26:587][  0]LogTextLocalizationManager: The requested culture ('en_GB') has no localization data; parent culture's ('en') localization data will be used.
[2014.11.30-00.23.26:704][  0]LogContentStreaming: Texture pool size is 0.000000MB
[2014.11.30-00.23.30:665][  0]LogTargetPlatformManager:Display: Building Assets For Windows
[2014.11.30-00.23.31:075][  0]LogTargetPlatformManager:Display: Building Assets For Windows
[2014.11.30-00.23.31:125][  0]LogDerivedDataCache:Display: Max Cache Size: 512 MB
[2014.11.30-00.23.31:161][  0]LogDerivedDataCache: Loaded boot cache 0.03s 40MB C:/Users/tyler/AppData/Local/UnrealEngine/4.5/DerivedDataCache/Boot.ddc.
[2014.11.30-00.23.31:161][  0]LogDerivedDataCache:Display: Loaded Boot cache: C:/Users/tyler/AppData/Local/UnrealEngine/4.5/DerivedDataCache/Boot.ddc
[2014.11.30-00.23.31:162][  0]LogDerivedDataCache: FDerivedDataBackendGraph:  Pak pak cache file ../../../../../../Users/tyler/Documents/GitHub/individual_Project/DerivedDataCache/DDC.ddp not found, will not use a pak cache.
[2014.11.30-00.23.31:162][  0]LogDerivedDataCache: Unable to find inner node Pak for hierarchical cache Hierarchy.
[2014.11.30-00.23.31:218][  0]LogDerivedDataCache:Display: Pak cache opened for reading ../../../Engine/DerivedDataCache/DDC.ddp.
[2014.11.30-00.23.31:231][  0]LogDerivedDataCache: Using Local data cache path C:/Users/tyler/AppData/Local/UnrealEngine/Common/DerivedDataCache: Writable
[2014.11.30-00.23.31:406][  0]LogMeshUtilities: No automatic mesh reduction module available
[2014.11.30-00.23.31:407][  0]LogMeshUtilities: No automatic mesh merging module available
[2014.11.30-00.23.31:598][  0]LogLinker:Warning: Asset '../../../Engine/Content/Functions/Engine_MaterialFunctions02/Texturing/FlipBook.uasset' has been saved with empty engine version. The asset will be loaded but may be incompatible.
[2014.11.30-00.23.31:601][  0]LogLinker:Warning: Asset '../../../Engine/Content/Functions/Engine_MaterialFunctions02/ExampleContent/Textures/flipbook.uasset' has been saved with empty engine version. The asset will be loaded but may be incompatible.
[2014.11.30-00.23.31:794][  0]LogInit: WinSock: version 1.1 (2.2), MaxSocks=32767, MaxUdp=65467
[2014.11.30-00.23.32:805][  0]UdpMessaging: Initializing bridge on interface 0.0.0.0:0 to multicast group 230.0.0.1:6666.
[2014.11.30-00.23.33:558][  0]SourceControl: Info Source control is disabled
[2014.11.30-00.23.33:559][  0]SourceControl: Info Source control is disabled
[2014.11.30-00.23.33:567][  0]SourceControl: Info Source control is disabled
[2014.11.30-00.23.33:719][  0]LogObj: 31753 objects as part of root set at end of initial load.
[2014.11.30-00.23.33:719][  0]LogUObjectAllocator: 7864552 out of 0 bytes used by permanent object pool.
[2014.11.30-00.23.33:777][  0]LogEngine: Initializing Engine...
[2014.11.30-00.23.33:908][  0]LogInit: XAudio2 using '1 - 26'' TFT-TV (AMD High Definition Audio Device)' : 2 channels at 48 kHz using 16 bits per sample (channel mask 0x3)
[2014.11.30-00.23.33:919][  0]LogInit: FAudioDevice initialized.
[2014.11.30-00.23.33:940][  0]LogAIModule: Creating AISystem for world NewWorld
[2014.11.30-00.23.33:960][  0]LogDerivedDataCache: Saved boot cache 0.02s 40MB C:/Users/tyler/AppData/Local/UnrealEngine/4.5/DerivedDataCache/Boot.ddc.
[2014.11.30-00.23.33:963][  0]LogInit: Texture streaming: Enabled
[2014.11.30-00.23.34:009][  0]LogInit: Transaction tracking system initialized
[2014.11.30-00.23.34:109][  0]BlueprintLog: New page: Editor Load
[2014.11.30-00.23.34:143][  0]LogAssetRegistry: FAssetRegistry took 0.0110 seconds to start up
[2014.11.30-00.23.34:144][  0]LogDirectoryWatcher:Warning: Failed to begin reading directory changes for ../../../Engine/Plugins/Experimental/CharacterAI/Content/. Error: 0
[2014.11.30-00.23.34:624][  0]LogTargetPlatformManager:Display: Building Assets For Windows
[2014.11.30-00.23.34:949][  0]LogTargetPlatformManager:Display: Building Assets For Windows
[2014.11.30-00.23.35:177][  0]LogConsoleResponse:Display: 
[2014.11.30-00.23.35:428][  0]SourceControl: Info Source control is disabled
[2014.11.30-00.23.35:429][  0]Cmd: MAP LOAD FILE="../../../../../../Users/tyler/Documents/GitHub/individual_Project/Content/Maps/Castle.umap" TEMPLATE=0 SHOWPROGRESS=1
[2014.11.30-00.23.35:429][  0]LightingResults: New page: Lighting Build
[2014.11.30-00.23.35:440][  0]MapCheck: New page: Map Check
[2014.11.30-00.23.35:441][  0]LightingResults: New page: Lighting Build
[2014.11.30-00.23.35:472][  0]LogParticles: Destroying 0 GPU particle simulations for FXSystem 0x00000034D99FE0C0
[2014.11.30-00.23.37:528][  0]LogEditorServer: Finished looking for orphan Actors (0.000 secs)
[2014.11.30-00.23.37:530][  0]LogAIModule: Creating AISystem for world Castle
[2014.11.30-00.23.37:532][  0]Cmd: MAP CHECKDEP
[2014.11.30-00.23.37:533][  0]MapCheck: New page: Castle - 30 Nov 2014 00:23:37
[2014.11.30-00.23.37:690][  0]MapCheck: Info Map check complete: 0 Error(s), 0 Warning(s), took 156.921ms to complete.
[2014.11.30-00.23.37:690][  0]LogFileHelpers: Loading map 'Castle' took 2.262
[2014.11.30-00.23.37:828][  0]LogCollectionManager: Loaded 0 collections in 0.001168 seconds
[2014.11.30-00.23.37:992][  0]LogCrashTracker: Crashtracker disabled due to settings.
[2014.11.30-00.23.38:000][  0]LogUObjectGlobals:Warning: Failed to find object 'Class None.'
[2014.11.30-00.23.38:055][  0]LogLoad: Full Startup: 14.07 seconds (BP compile: 0.33 seconds)
[2014.11.30-00.23.38:277][  0]LogRenderer:Warning: Reallocating scene render targets to support 1136x904.
[2014.11.30-00.23.40:304][  6]LogAssetRegistry: Asset discovery search completed in 6.1728 seconds
[2014.11.30-00.28.26:900][978]LogContentBrowser:Verbose: The content browser source was changed by the sources view to '/Game/Character'
[2014.11.30-00.28.45:153][346]LogContentBrowser:Verbose: The content browser source was changed by the sources view to '/Game/Blueprints'
[2014.11.30-00.29.09:501][345]LogSlate:Warning: GetFontFace failed to load or process 'Roboto-Regular'
[2014.11.30-00.29.09:502][345]LogSlate:Warning: GetFontFace failed to load or process 'Roboto-Regular'
[2014.11.30-00.29.09:502][345]LogSlate:Warning: GetFontFace failed to load or process 'Roboto-Regular'
[2014.11.30-00.29.09:503][345]LogSlate:Warning: GetFontFace failed to load or process 'Roboto-Regular'
[2014.11.30-00.29.09:503][345]LogSlate:Warning: GetFontFace failed to load or process 'Roboto-Regular'
[2014.11.30-00.29.09:504][345]LogSlate:Warning: GetFontFace failed to load or process 'Roboto-Regular'
[2014.11.30-00.29.09:504][345]LogSlate:Warning: GetFontFace failed to load or process 'Roboto-Regular'
[2014.11.30-00.29.09:504][345]LogSlate:Warning: GetFontFace failed to load or process 'Roboto-Regular'
[2014.11.30-00.29.09:505][345]LogSlate:Warning: GetFontFace failed to load or process 'Roboto-Regular'
[2014.11.30-00.29.09:505][345]LogSlate:Warning: GetFontFace failed to load or process 'Roboto-Regular'
[2014.11.30-00.29.09:506][345]LogSlate:Warning: GetFontFace failed to load or process 'Roboto-Regular'
[2014.11.30-00.29.09:506][345]LogSlate:Warning: GetFontFace failed to load or process 'Roboto-Regular'
[2014.11.30-00.29.09:506][345]LogSlate:Warning: GetFontFace failed to load or process 'Roboto-Regular'
[2014.11.30-00.29.09:507][345]LogSlate:Warning: GetFontFace failed to load or process 'Roboto-Regular'
[2014.11.30-00.29.09:507][345]LogSlate:Warning: GetFontFace failed to load or process 'Roboto-Regular'
[2014.11.30-00.29.09:507][345]LogSlate:Warning: GetFontFace failed to load or process 'Roboto-Regular'
[2014.11.30-00.29.09:508][345]LogSlate:Warning: GetFontFace failed to load or process 'Roboto-Regular'
[2014.11.30-00.29.09:508][345]LogSlate:Warning: GetFontFace failed to load or process 'Roboto-Regular'
[2014.11.30-00.29.09:508][345]LogSlate:Warning: GetFontFace failed to load or process 'Roboto-Regular'
[2014.11.30-00.29.14:125][858]LogSlate:Warning: GetFontFace failed to load or process 'Roboto-Regular'
[2014.11.30-00.29.14:126][858]LogSlate:Warning: GetFontFace failed to load or process 'Roboto-Regular'
[2014.11.30-00.30.32:348][239]LogWindowsTextInputMethodSystem:Error: Deactivating a context failed while setting focus to the disabled TSF document manager.
[2014.11.30-00.30.33:665][239]LogContentBrowser:Verbose: The content browser source was changed by the sources view to '/Game/Blueprints'
[2014.11.30-00.33.05:722][182]LogRenderer:Warning: Reallocating scene render targets to support 1616x904.
[2014.11.30-00.33.16:358][891]LogActorComponent: UnregisterComponent: (/Engine/Transient.CharacterMovementComponent_0) Not registered. Aborting.
[2014.11.30-00.33.16:359][891]LogActorComponent: UnregisterComponent: (/Engine/Transient.PawnNoiseEmitterComponent_0) Not registered. Aborting.
[2014.11.30-00.33.52:968][284]LogParticles: Destroying 0 GPU particle simulations for FXSystem 0x00000034E1D007C0
[2014.11.30-00.33.52:969][284]LogParticles: Destroying 0 GPU particle simulations for FXSystem 0x00000034E2744FE0
[2014.11.30-00.33.52:987][284]LogFileHelpers: Editor autosave (incl. sublevels) for '/Game/Maps/Castle' took 0.073
[2014.11.30-00.33.53:022][284]OBJ SavePackage: Generating thumbnails for [1] asset(s) in package [/Game/Blueprints/BP_PickUpActor] ([1] browsable assets)...
[2014.11.30-00.33.53:041][284]OBJ SavePackage:     Rendered thumbnail for [Blueprint /Game/Blueprints/BP_PickUpActor.BP_PickUpActor]
[2014.11.30-00.33.53:042][284]OBJ SavePackage: Finished generating thumbnails for package [/Game/Blueprints/BP_PickUpActor]
[2014.11.30-00.33.53:364][284]LogSavePackage: Save=301.983398ms
[2014.11.30-00.33.53:365][284]LogSavePackage: Moving '../../../../../../Users/tyler/Documents/GitHub/individual_Project/Saved/BP_PickUpActor_Auto1D5FFC314410871B302F3E5B86FDCCEF2.tmp' to '../../../../../../Users/tyler/Documents/GitHub/individual_Project/Saved/Autosaves/Game/Blueprints/BP_PickUpActor_Auto1.uasset'
[2014.11.30-00.33.53:369][284]LogFileHelpers: Auto-saving content packages took 0.381
[2014.11.30-00.34.51:870][444]LogSlate:Warning: GetFontFace failed to load or process 'Roboto-Regular'
[2014.11.30-00.34.51:870][444]LogSlate:Warning: GetFontFace failed to load or process 'Roboto-Regular'
[2014.11.30-00.34.51:871][444]LogSlate:Warning: GetFontFace failed to load or process 'Roboto-Regular'
[2014.11.30-00.34.56:237][793]LogSlate:Warning: GetFontFace failed to load or process 'Roboto-Regular'
[2014.11.30-00.34.56:238][793]LogSlate:Warning: GetFontFace failed to load or process 'Roboto-Regular'
[2014.11.30-00.34.56:238][793]LogSlate:Warning: GetFontFace failed to load or process 'Roboto-Regular'
[2014.11.30-00.34.56:238][793]LogSlate:Warning: GetFontFace failed to load or process 'Roboto-Regular'
[2014.11.30-00.34.56:239][793]LogSlate:Warning: GetFontFace failed to load or process 'Roboto-Regular'
[2014.11.30-00.34.56:239][793]LogSlate:Warning: GetFontFace failed to load or process 'Roboto-Regular'
[2014.11.30-00.37.54:510][ 54]BlueprintLog: New page: Compile BP_PickUpActor
[2014.11.30-00.37.54:537][ 54]LogBlueprint:Warning: [compiler] Warning ReturnNode Exec pin has no connections on  EdGraphPin_7619 
[2014.11.30-00.37.54:538][ 54]LogBlueprint:Error: [compiler] Error Cannot override 'Usable::onUsed' at  On Used  which was declared in a parent with a different signature
[2014.11.30-00.37.54:552][ 54]LogBlueprint:Warning: [compiler] Warning [0870.57] Compile of BP_PickUpActor failed. 1 Fatal Issue(s) 1 Warning(s) [in 16 ms]
[2014.11.30-00.37.54:754][ 54]BlueprintEditorCompileResults:Warning: Warning ReturnNode Exec pin has no connections on  EdGraphPin_7619 
[2014.11.30-00.37.54:755][ 54]BlueprintEditorCompileResults:Error: Error Cannot override 'Usable::onUsed' at  On Used  which was declared in a parent with a different signature
[2014.11.30-00.37.54:755][ 54]BlueprintEditorCompileResults:Warning: Warning [0870.57] Compile of BP_PickUpActor failed. 1 Fatal Issue(s) 1 Warning(s) [in 16 ms]
[2014.11.30-00.37.56:161][210]Cmd: OBJ SAVEPACKAGE PACKAGE="/Game/Blueprints/BP_PickUpActor" FILE="../../../../../../Users/tyler/Documents/GitHub/individual_Project/Content/Blueprints/BP_PickUpActor.uasset" SILENT=true
[2014.11.30-00.37.56:474][210]LogSavePackage: Save=308.652588ms
[2014.11.30-00.37.56:475][210]LogSavePackage: Moving '../../../../../../Users/tyler/Documents/GitHub/individual_Project/Saved/BP_PickUpActor91CC43C3404345E44159A485B87500F3.tmp' to '../../../../../../Users/tyler/Documents/GitHub/individual_Project/Content/Blueprints/BP_PickUpActor.uasset'
[2014.11.30-00.40.14:797][690]BlueprintLog: New page: Compile BP_PickUpActor
[2014.11.30-00.40.14:801][690]LogBlueprint:Warning: [compiler] Warning ReturnNode Exec pin has no connections on  EdGraphPin_7619 
[2014.11.30-00.40.14:801][690]LogBlueprint:Error: [compiler] Error Cannot override 'Usable::onUsed' at  On Used  which was declared in a parent with a different signature
[2014.11.30-00.40.14:816][690]LogBlueprint:Warning: [compiler] Warning [1010.83] Compile of BP_PickUpActor failed. 1 Fatal Issue(s) 1 Warning(s) [in 15 ms]
[2014.11.30-00.40.14:998][690]BlueprintEditorCompileResults:Warning: Warning ReturnNode Exec pin has no connections on  EdGraphPin_7619 
[2014.11.30-00.40.14:998][690]BlueprintEditorCompileResults:Error: Error Cannot override 'Usable::onUsed' at  On Used  which was declared in a parent with a different signature
[2014.11.30-00.40.14:999][690]BlueprintEditorCompileResults:Warning: Warning [1010.83] Compile of BP_PickUpActor failed. 1 Fatal Issue(s) 1 Warning(s) [in 15 ms]
[2014.11.30-00.40.16:401][842]LogSlate:Warning: Prevented a slow task dialog from being summoned while a context menu was open
[2014.11.30-00.40.35:836][506]BlueprintLog: New page: Compile BP_PickUpActor
[2014.11.30-00.40.35:876][506]LogBlueprint:Warning: [compiler] Warning ReturnNode Exec pin has no connections on  EdGraphPin_7619 
[2014.11.30-00.40.35:877][506]LogBlueprint:Error: [compiler] Error Cannot override 'Usable::onUsed' at  On Used  which was declared in a parent with a different signature
[2014.11.30-00.40.35:892][506]LogBlueprint:Warning: [compiler] Warning [1031.91] Compile of BP_PickUpActor failed. 1 Fatal Issue(s) 1 Warning(s) [in 16 ms]
[2014.11.30-00.40.36:080][506]BlueprintEditorCompileResults:Warning: Warning ReturnNode Exec pin has no connections on  EdGraphPin_7619 
[2014.11.30-00.40.36:080][506]BlueprintEditorCompileResults:Error: Error Cannot override 'Usable::onUsed' at  On Used  which was declared in a parent with a different signature
[2014.11.30-00.40.36:081][506]BlueprintEditorCompileResults:Warning: Warning [1031.91] Compile of BP_PickUpActor failed. 1 Fatal Issue(s) 1 Warning(s) [in 16 ms]
[2014.11.30-00.41.23:435][504]LogWindowsTextInputMethodSystem:Error: Deactivating a context failed while setting focus to the disabled TSF document manager.
[2014.11.30-00.41.59:207][504]LogWindowsTextInputMethodSystem:Error: Deactivating a context failed while setting focus to the disabled TSF document manager.
[2014.11.30-00.42.19:891][504]LogWindowsTextInputMethodSystem:Error: Deactivating a context failed while setting focus to the disabled TSF document manager.
[2014.11.30-00.42.21:001][504]LogWindowsTextInputMethodSystem:Error: Deactivating a context failed while setting focus to the disabled TSF document manager.
[2014.11.30-00.42.37:861][982]LogActorComponent: UnregisterComponent: (/Engine/Transient.CharacterMovementComponent_1) Not registered. Aborting.
[2014.11.30-00.42.37:862][982]LogActorComponent: UnregisterComponent: (/Engine/Transient.PawnNoiseEmitterComponent_1) Not registered. Aborting.
[2014.11.30-00.44.17:113][251]LogActorComponent: UnregisterComponent: (/Engine/Transient.CharacterMovementComponent_2) Not registered. Aborting.
[2014.11.30-00.44.17:114][251]LogActorComponent: UnregisterComponent: (/Engine/Transient.PawnNoiseEmitterComponent_2) Not registered. Aborting.
[2014.11.30-00.44.17:160][251]LogFileHelpers: Editor autosave (incl. sublevels) for '/Game/Maps/Castle' took 0.047
[2014.11.30-00.44.17:173][251]OBJ SavePackage: Generating thumbnails for [1] asset(s) in package [/Game/Blueprints/MyCharacter] ([1] browsable assets)...
[2014.11.30-00.44.17:190][251]OBJ SavePackage:     Rendered thumbnail for [Blueprint /Game/Blueprints/MyCharacter.MyCharacter]
[2014.11.30-00.44.17:191][251]OBJ SavePackage: Finished generating thumbnails for package [/Game/Blueprints/MyCharacter]
[2014.11.30-00.44.17:497][251]LogSavePackage: Save=286.921967ms
[2014.11.30-00.44.17:497][251]LogSavePackage: Moving '../../../../../../Users/tyler/Documents/GitHub/individual_Project/Saved/MyCharacter_Auto281FD1F194AB4387698B8C3832FF4DCC2.tmp' to '../../../../../../Users/tyler/Documents/GitHub/individual_Project/Saved/Autosaves/Game/Blueprints/MyCharacter_Auto2.uasset'
[2014.11.30-00.44.17:514][251]OBJ SavePackage: Generating thumbnails for [1] asset(s) in package [/Game/Blueprints/BP_PickUpActor] ([1] browsable assets)...
[2014.11.30-00.44.17:539][251]OBJ SavePackage:     Rendered thumbnail for [Blueprint /Game/Blueprints/BP_PickUpActor.BP_PickUpActor]
[2014.11.30-00.44.17:539][251]OBJ SavePackage: Finished generating thumbnails for package [/Game/Blueprints/BP_PickUpActor]
[2014.11.30-00.44.17:861][251]LogSavePackage: Save=301.405426ms
[2014.11.30-00.44.17:862][251]LogSavePackage: Moving '../../../../../../Users/tyler/Documents/GitHub/individual_Project/Saved/BP_PickUpActor_Auto2A742C0C048189D8EBAA82992DFAE7E4B.tmp' to '../../../../../../Users/tyler/Documents/GitHub/individual_Project/Saved/Autosaves/Game/Blueprints/BP_PickUpActor_Auto2.uasset'
[2014.11.30-00.44.17:887][251]LogFileHelpers: Auto-saving content packages took 0.726
[2014.11.30-00.46.05:163][ 35]LogActorComponent: UnregisterComponent: (/Engine/Transient.CharacterMovementComponent_3) Not registered. Aborting.
[2014.11.30-00.46.05:164][ 35]LogActorComponent: UnregisterComponent: (/Engine/Transient.PawnNoiseEmitterComponent_3) Not registered. Aborting.
[2014.11.30-00.51.09:708][559]LogEditorViewport: Clicking on Actor (LMB): AIGuardCharacter_C (AIGuardCharacter)
[2014.11.30-00.52.50:462][153]LogEditorViewport: Clicking on Actor (LMB): BP_Sky_Sphere_C (BP_Sky_Shere)
[2014.11.30-00.53.51:998][333]LogEditorViewport: Clicking Background
[2014.11.30-00.53.53:478][476]LogEditorViewport: Clicking on Actor (LMB): StaticMeshActor (SM_Template_Map_Floor)
[2014.11.30-00.53.54:243][544]LogEditorViewport: Clicking on Actor (LMB): PostProcessVolume (PostProcessVolume)
[2014.11.30-00.54.13:579][208]LogEditorViewport: Clicking on Actor (LMB): PostProcessVolume (PostProcessVolume)
[2014.11.30-00.54.30:107][666]LogActorComponent: UnregisterComponent: (/Engine/Transient.CharacterMovementComponent_4) Not registered. Aborting.
[2014.11.30-00.54.30:108][666]LogActorComponent: UnregisterComponent: (/Engine/Transient.PawnNoiseEmitterComponent_4) Not registered. Aborting.
[2014.11.30-00.54.30:542][666]LogSavePackage: Save=343.454803ms
[2014.11.30-00.54.30:543][666]LogSavePackage: Moving '../../../../../../Users/tyler/Documents/GitHub/individual_Project/Saved/Castle_Auto314F6EC7F483F22869894189A0F55FB1F.tmp' to '../../../../../../Users/tyler/Documents/GitHub/individual_Project/Saved/Autosaves/Game/Maps/Castle_Auto3.umap'
[2014.11.30-00.54.30:555][666]LogFileHelpers: Editor autosave (incl. sublevels) for '/Game/Maps/Castle' took 0.448
[2014.11.30-00.54.30:556][666]LogFileHelpers: Editor autosave (incl. sublevels) for all levels took 0.448
[2014.11.30-00.54.30:568][666]OBJ SavePackage: Generating thumbnails for [1] asset(s) in package [/Game/Blueprints/BP_PickUpActor] ([1] browsable assets)...
[2014.11.30-00.54.30:590][666]OBJ SavePackage:     Rendered thumbnail for [Blueprint /Game/Blueprints/BP_PickUpActor.BP_PickUpActor]
[2014.11.30-00.54.30:590][666]OBJ SavePackage: Finished generating thumbnails for package [/Game/Blueprints/BP_PickUpActor]
[2014.11.30-00.54.30:905][666]LogSavePackage: Save=297.822357ms
[2014.11.30-00.54.30:905][666]LogSavePackage: Moving '../../../../../../Users/tyler/Documents/GitHub/individual_Project/Saved/BP_PickUpActor_Auto3AB4F405F4E33DA7C69C698AFF369897A.tmp' to '../../../../../../Users/tyler/Documents/GitHub/individual_Project/Saved/Autosaves/Game/Blueprints/BP_PickUpActor_Auto3.uasset'
[2014.11.30-00.54.30:911][666]LogFileHelpers: Auto-saving content packages took 0.355
[2014.11.30-00.55.44:265][849]LogEditorViewport: Clicking on Actor (LMB): AIGuardCharacter_C (AIGuardCharacter)
[2014.11.30-00.56.22:281][395]MapCheck: New page: Map Check
[2014.11.30-00.56.22:320][395]Cmd: MAP REBUILD ALLVISIBLE
[2014.11.30-00.56.22:343][395]LogEditorServer: Rebuildmap Clear paths rebuilt
[2014.11.30-00.56.23:166][395]LightingResults: New page: Lighting Build - 30 Nov 2014 00:56:23
[2014.11.30-00.56.34:472][395]LogStaticLightingSystem:Warning: No importance volume found, so the scene bounding box was used.  You can optimize your scene's quality and lighting build times by adding importance volumes.
[2014.11.30-00.56.34:541][395]LogStaticLightingSystem: Running Lightmass w/ ImmediateImport mode ENABLED
[2014.11.30-00.56.34:542][395]LogStaticLightingSystem: Running Lightmass w/ ImmediateProcess mode ENABLED
[2014.11.30-00.56.34:542][395]LogStaticLightingSystem: Running Lightmass w/ Sorting mode ENABLED
[2014.11.30-00.56.34:543][395]LogStaticLightingSystem: Running Lightmass w/ Mapping paddings ENABLED
[2014.11.30-00.56.34:543][395]LogStaticLightingSystem: Running Lightmass w/ Mapping debug paddings DISABLED
[2014.11.30-00.56.34:859][395]LogEditorBuildUtils: Build time 0:00:12
[2014.11.30-00.56.36:028][406]LogActorComponent: UnregisterComponent: (/Engine/Transient.CharacterMovementComponent_5) Not registered. Aborting.
[2014.11.30-00.56.50:080][444]Job is a success!
[2014.11.30-00.56.50:878][445]LightingResults:Error: Error PointLight_11 Severe performance loss: Failed to allocate shadowmap channel for stationary light due to overlap - light will fall back to dynamic shadows!
[2014.11.30-00.56.50:993][445]LogTexture:Display: Building textures: HQ_Lightmap0_1 (AutoDXT)
[2014.11.30-00.56.51:213][445]LogTexture:Display: Building textures: LQ_Lightmap_0_5 (DXT1)
[2014.11.30-00.56.51:217][445]LogTexture:Display: Building textures: HQ_Lightmap0_5 (AutoDXT)
[2014.11.30-00.56.51:221][445]LogTexture:Display: Building textures: LQ_Lightmap_0_4 (DXT1)
[2014.11.30-00.56.51:229][445]LogTexture:Display: Building textures: HQ_Lightmap0_4 (AutoDXT)
[2014.11.30-00.56.51:240][445]LogTexture:Display: Building textures: LQ_Lightmap_0_3 (DXT1)
[2014.11.30-00.56.51:249][445]LogTexture:Display: Building textures: HQ_Lightmap0_3 (AutoDXT)
[2014.11.30-00.56.51:264][445]LogTexture:Display: Building textures: LQ_Lightmap_0_2 (DXT1)
[2014.11.30-00.56.51:274][445]LogTexture:Display: Building textures: HQ_Lightmap0_2 (AutoDXT)
[2014.11.30-00.56.51:286][445]LogTexture:Display: Building textures: LQ_Lightmap_0_1 (DXT1)
[2014.11.30-00.56.51:543][445]LogTexture:Display: Building textures: ShadowMapTexture2D_0 (BGRA8)
[2014.11.30-00.56.51:741][445]Lightmass on PC: 14.2 sec total, 722 ms importing, 77 ms setup, 1.92 sec photons, 10.6 sec processing, 0 ms extra exporting [811/811 mappings]. Threads: 42.6 sec total, 26.0 sec processing.
[2014.11.30-00.56.52:051][445]LogStaticLightingSystem:Warning: Illumination: 28.5 sec (692 ms encoding lightmaps)
[2014.11.30-00.56.52:051][445]LogStaticLightingSystem: Lightmap texture memory:  1.5 MB (0.1 MB streaming, 1.3 MB non-streaming), 10 textures
[2014.11.30-00.56.52:052][445]LogStaticLightingSystem: Shadowmap texture memory: 0.0 MB (0.0 MB streaming, 0.0 MB non-streaming), 1 textures
[2014.11.30-00.56.52:582][446]Cmd: MAP CHECK NOTIFYRESULTS
[2014.11.30-00.56.52:583][446]MapCheck: New page: Castle - 30 Nov 2014 00:56:52
[2014.11.30-00.56.52:929][446]MapCheck: Info Map check complete: 0 Error(s), 0 Warning(s), took 346.911ms to complete.
[2014.11.30-00.58.17:732][720]LogTexture:Warning: Failed to stream mip data from the derived data cache for /Game/Maps/Castle.HQ_Lightmap1_4. Streaming mips will be recached.
[2014.11.30-00.58.17:761][720]LogTexture:Display: Building textures: HQ_Lightmap1_4 (AutoDXT)
[2014.11.30-00.58.20:536][897]LogEditorViewport: Clicking on Actor (LMB): AIGuardCharacter_C (AIGuardCharacter)
[2014.11.30-00.58.41:150][963]LogContentBrowser:Verbose: The content browser source was changed by the sources view to '/Game/AnimStarterPack'
[2014.11.30-00.58.41:488][985]LogTexture:Warning: Failed to stream mip data from the derived data cache for /Game/Maps/Castle.HQ_Lightmap1_3. Streaming mips will be recached.
[2014.11.30-00.58.41:517][985]LogTexture:Display: Building textures: HQ_Lightmap1_3 (AutoDXT)
[2014.11.30-00.58.41:717][  1]LogContentBrowser:Verbose: The content browser source was changed by the sources view to '/Game/Blueprints'
[2014.11.30-00.58.42:164][ 24]LogContentBrowser:Verbose: The content browser source was changed by the sources view to '/Game/Character'
[2014.11.30-00.58.44:976][143]LogContentBrowser:Verbose: The content browser source was changed by the sources view to '/Game/StarterContent'
[2014.11.30-00.58.47:137][282]LogContentBrowser:Verbose: The content browser source was changed by the sources view to '/Game/ExampleContent'
[2014.11.30-00.59.34:273][375]Cmd: OBJ SAVEPACKAGE PACKAGE="/Game/Maps/Castle" FILE="../../../../../../Users/tyler/Documents/GitHub/individual_Project/Content/Maps/Castle.umap" SILENT=true AUTOSAVING=false KEEPDIRTY=false
[2014.11.30-00.59.34:282][375]LogActorComponent: UnregisterComponent: (/Engine/Transient.CharacterMovementComponent_6) Not registered. Aborting.
[2014.11.30-00.59.34:282][375]LogActorComponent: UnregisterComponent: (/Engine/Transient.PawnNoiseEmitterComponent_5) Not registered. Aborting.
[2014.11.30-00.59.34:283][375]LogActorComponent: UnregisterComponent: (/Engine/Transient.CharacterMovementComponent_7) Not registered. Aborting.
[2014.11.30-00.59.34:647][375]LogSavePackage: Save=314.541443ms
[2014.11.30-00.59.34:648][375]LogSavePackage: Moving '../../../../../../Users/tyler/Documents/GitHub/individual_Project/Saved/Castle2C9E59CF41E27EAC832E04B49FFAD093.tmp' to '../../../../../../Users/tyler/Documents/GitHub/individual_Project/Content/Maps/Castle.umap'
[2014.11.30-00.59.34:648][375]LogFileManager:Warning: DeleteFile was unable to delete '../../../../../../Users/tyler/Documents/GitHub/individual_Project/Content/Maps/Castle.umap', retrying in .5s...
[2014.11.30-00.59.35:149][375]LogFileManager:Error: Error deleting file '../../../../../../Users/tyler/Documents/GitHub/individual_Project/Content/Maps/Castle.umap'.
[2014.11.30-00.59.35:149][375]LogSavePackage:Error: Error saving '../../../../../../Users/tyler/Documents/GitHub/individual_Project/Content/Maps/Castle.umap'
[2014.11.30-00.59.35:267][375]EditorErrors: New page: Save Output
[2014.11.30-00.59.35:268][375]EditorErrors:Warning: Warning Error saving '../../../../../../Users/tyler/Documents/GitHub/individual_Project/Content/Maps/Castle.umap'
[2014.11.30-01.00.12:889][226]Cmd: OBJ SAVEPACKAGE PACKAGE="/Game/Blueprints/BP_PickUpActor" FILE="../../../../../../Users/tyler/Documents/GitHub/individual_Project/Content/Blueprints/BP_PickUpActor.uasset" SILENT=true
[2014.11.30-01.00.12:905][226]LogSavePackage: Save=11.791280ms
[2014.11.30-01.00.12:905][226]LogSavePackage: Moving '../../../../../../Users/tyler/Documents/GitHub/individual_Project/Saved/BP_PickUpActorCD8242C24336AB0D45E11A8269DC5FA8.tmp' to '../../../../../../Users/tyler/Documents/GitHub/individual_Project/Content/Blueprints/BP_PickUpActor.uasset'
[2014.11.30-01.00.12:922][226]Cmd: OBJ SAVEPACKAGE PACKAGE="/Game/Blueprints/MyCharacter" FILE="../../../../../../Users/tyler/Documents/GitHub/individual_Project/Content/Blueprints/MyCharacter.uasset" SILENT=true
[2014.11.30-01.00.12:967][226]LogSavePackage: Save=41.345528ms
[2014.11.30-01.00.12:968][226]LogSavePackage: Moving '../../../../../../Users/tyler/Documents/GitHub/individual_Project/Saved/MyCharacter952CCCD44DB7FAB1C4ACFFBE6CE01EBC.tmp' to '../../../../../../Users/tyler/Documents/GitHub/individual_Project/Content/Blueprints/MyCharacter.uasset'
[2014.11.30-01.00.12:969][226]LogFileManager:Warning: DeleteFile was unable to delete '../../../../../../Users/tyler/Documents/GitHub/individual_Project/Content/Blueprints/MyCharacter.uasset', retrying in .5s...
[2014.11.30-01.00.13:470][226]LogFileManager:Error: Error deleting file '../../../../../../Users/tyler/Documents/GitHub/individual_Project/Content/Blueprints/MyCharacter.uasset'.
[2014.11.30-01.00.13:471][226]LogSavePackage:Error: Error saving '../../../../../../Users/tyler/Documents/GitHub/individual_Project/Content/Blueprints/MyCharacter.uasset'
[2014.11.30-01.00.18:794][226]Cmd: OBJ SAVEPACKAGE PACKAGE="/Game/Blueprints/MyCharacter" FILE="../../../../../../Users/tyler/Documents/GitHub/individual_Project/Content/Blueprints/MyCharacter.uasset" SILENT=true
[2014.11.30-01.00.18:837][226]LogSavePackage: Save=39.377354ms
[2014.11.30-01.00.18:838][226]LogSavePackage: Moving '../../../../../../Users/tyler/Documents/GitHub/individual_Project/Saved/MyCharacter22738092402D658D00B15CBDE5E0DC13.tmp' to '../../../../../../Users/tyler/Documents/GitHub/individual_Project/Content/Blueprints/MyCharacter.uasset'
[2014.11.30-01.00.18:838][226]LogFileManager:Warning: DeleteFile was unable to delete '../../../../../../Users/tyler/Documents/GitHub/individual_Project/Content/Blueprints/MyCharacter.uasset', retrying in .5s...
[2014.11.30-01.00.19:340][226]LogFileManager:Error: Error deleting file '../../../../../../Users/tyler/Documents/GitHub/individual_Project/Content/Blueprints/MyCharacter.uasset'.
[2014.11.30-01.00.19:343][226]LogSavePackage:Error: Error saving '../../../../../../Users/tyler/Documents/GitHub/individual_Project/Content/Blueprints/MyCharacter.uasset'
[2014.11.30-01.00.20:203][226]Cmd: OBJ SAVEPACKAGE PACKAGE="/Game/Maps/Castle" FILE="../../../../../../Users/tyler/Documents/GitHub/individual_Project/Content/Maps/Castle.umap" SILENT=true AUTOSAVING=false KEEPDIRTY=false
[2014.11.30-01.00.20:540][226]LogSavePackage: Save=289.359650ms
[2014.11.30-01.00.20:541][226]LogSavePackage: Moving '../../../../../../Users/tyler/Documents/GitHub/individual_Project/Saved/Castle064B48EA4170A38AA3EE28A3BB462CB9.tmp' to '../../../../../../Users/tyler/Documents/GitHub/individual_Project/Content/Maps/Castle.umap'
[2014.11.30-01.00.20:542][226]LogFileManager:Warning: DeleteFile was unable to delete '../../../../../../Users/tyler/Documents/GitHub/individual_Project/Content/Maps/Castle.umap', retrying in .5s...
[2014.11.30-01.00.21:043][226]LogFileManager:Error: Error deleting file '../../../../../../Users/tyler/Documents/GitHub/individual_Project/Content/Maps/Castle.umap'.
[2014.11.30-01.00.21:044][226]LogSavePackage:Error: Error saving '../../../../../../Users/tyler/Documents/GitHub/individual_Project/Content/Maps/Castle.umap'
[2014.11.30-01.00.21:051][226]EditorErrors: New page: Save Output
[2014.11.30-01.00.21:052][226]EditorErrors:Warning: Warning Error saving '../../../../../../Users/tyler/Documents/GitHub/individual_Project/Content/Maps/Castle.umap'
[2014.11.30-01.00.21:074][226]LogFileHelpers: Saving map 'Castle' took 0.994
[2014.11.30-01.00.22:737][226]EditorErrors: New page: Save Output
[2014.11.30-01.00.22:738][226]EditorErrors:Warning: Warning Error saving '../../../../../../Users/tyler/Documents/GitHub/individual_Project/Content/Blueprints/MyCharacter.uasset'
[2014.11.30-01.00.22:738][226]EditorErrors:Warning: Warning Error saving '../../../../../../Users/tyler/Documents/GitHub/individual_Project/Content/Blueprints/MyCharacter.uasset'
[2014.11.30-01.01.58:110][782]Cmd: QUIT_EDITOR
[2014.11.30-01.01.58:414][782]LogExit: Preparing to exit.
[2014.11.30-01.01.58:708][782]LogExit: Editor shut down
[2014.11.30-01.01.58:709][782]LogExit: Transaction tracking system shut down
[2014.11.30-01.01.58:710][782]LogParticles: Destroying 0 GPU particle simulations for FXSystem 0x00000034DC349D00
[2014.11.30-01.01.58:711][782]LogParticles: Destroying 0 GPU particle simulations for FXSystem 0x00000034E3260FE0
[2014.11.30-01.01.58:711][782]LogParticles: Destroying 0 GPU particle simulations for FXSystem 0x00000034E3261F80
[2014.11.30-01.01.58:711][782]LogParticles: Destroying 0 GPU particle simulations for FXSystem 0x00000034E3262340
[2014.11.30-01.01.58:712][782]LogParticles: Destroying 0 GPU particle simulations for FXSystem 0x00000034DB90B380
[2014.11.30-01.01.58:712][782]LogParticles: Destroying 0 GPU particle simulations for FXSystem 0x00000034E87A2C00
[2014.11.30-01.01.58:713][782]LogParticles: Destroying 0 GPU particle simulations for FXSystem 0x00000034DB3BCAE0
[2014.11.30-01.01.58:713][782]LogParticles: Destroying 0 GPU particle simulations for FXSystem 0x00000034E86F3560
[2014.11.30-01.01.58:714][782]LogParticles: Destroying 0 GPU particle simulations for FXSystem 0x00000034DE591E40
[2014.11.30-01.01.58:743][782]LogExit: Object subsystem successfully closed.
[2014.11.30-01.01.58:810][782]LogModuleManager: Shutting down and abandoning module ExternalImagePicker (168)
[2014.11.30-01.01.58:811][782]LogModuleManager: Shutting down and abandoning module AndroidDeviceDetection (167)
[2014.11.30-01.01.58:811][782]LogModuleManager: Shutting down and abandoning module CrashTracker (166)
[2014.11.30-01.01.58:811][782]LogModuleManager: Shutting down and abandoning module SuperSearch (165)
[2014.11.30-01.01.58:812][782]LogModuleManager: Shutting down and abandoning module SceneOutliner (164)
[2014.11.30-01.01.58:812][782]LogModuleManager: Shutting down and abandoning module EditorWidgets (163)
[2014.11.30-01.01.58:812][782]LogModuleManager: Shutting down and abandoning module CollectionManager (162)
[2014.11.30-01.01.58:841][782]LogModuleManager: Shutting down and abandoning module StatsViewer (161)
[2014.11.30-01.01.58:842][782]LogModuleManager: Shutting down and abandoning module FoliageEdit (160)
[2014.11.30-01.01.58:842][782]LogModuleManager: Shutting down and abandoning module LandscapeEditor (159)
[2014.11.30-01.01.58:842][782]LogModuleManager: Shutting down and abandoning module MeshPaint (158)
[2014.11.30-01.01.58:843][782]LogModuleManager: Shutting down and abandoning module ActorPickerMode (157)
[2014.11.30-01.01.58:843][782]LogModuleManager: Shutting down and abandoning module GeometryMode (156)
[2014.11.30-01.01.58:843][782]LogModuleManager: Shutting down and abandoning module TextureAlignMode (155)
[2014.11.30-01.01.58:843][782]LogModuleManager: Shutting down and abandoning module BspMode (154)
[2014.11.30-01.01.58:844][782]LogModuleManager: Shutting down and abandoning module PlacementMode (153)
[2014.11.30-01.01.58:844][782]LogModuleManager: Shutting down and abandoning module AutomationWorker (152)
[2014.11.30-01.01.58:844][782]LogModuleManager: Shutting down and abandoning module CharacterAI (151)
[2014.11.30-01.01.58:844][782]LogModuleManager: Shutting down and abandoning module GameProjectGeneration (150)
[2014.11.30-01.01.58:844][782]LogModuleManager: Shutting down and abandoning module IntroTutorials (149)
[2014.11.30-01.01.58:845][782]LogModuleManager: Shutting down and abandoning module EditorLiveStreaming (148)
[2014.11.30-01.01.58:845][782]LogModuleManager: Shutting down and abandoning module HardwareTargeting (147)
[2014.11.30-01.01.58:845][782]LogModuleManager: Shutting down and abandoning module BehaviorTreeEditor (146)
[2014.11.30-01.01.58:845][782]LogModuleManager: Shutting down and abandoning module DeviceProfileEditor (145)
[2014.11.30-01.01.58:846][782]LogModuleManager: Shutting down and abandoning module UndoHistory (144)
[2014.11.30-01.01.58:846][782]LogModuleManager: Shutting down and abandoning module GameplayTagsEditor (143)
[2014.11.30-01.01.58:846][782]LogModuleManager: Shutting down and abandoning module UserFeedback (142)
[2014.11.30-01.01.58:846][782]LogModuleManager: Shutting down and abandoning module XmlParser (141)
[2014.11.30-01.01.58:846][782]LogModuleManager: Shutting down and abandoning module Blutility (140)
[2014.11.30-01.01.58:847][782]LogModuleManager: Shutting down and abandoning module IOSPlatformEditor (139)
[2014.11.30-01.01.58:847][782]LogModuleManager: Shutting down and abandoning module IOSRuntimeSettings (138)
[2014.11.30-01.01.58:847][782]LogModuleManager: Shutting down and abandoning module AndroidPlatformEditor (137)
[2014.11.30-01.01.58:847][782]LogModuleManager: Shutting down and abandoning module AndroidRuntimeSettings (136)
[2014.11.30-01.01.58:847][782]LogModuleManager: Shutting down and abandoning module ProjectTargetPlatformEditor (135)
[2014.11.30-01.01.58:848][782]LogModuleManager: Shutting down and abandoning module ProjectSettingsViewer (134)
[2014.11.30-01.01.58:848][782]LogModuleManager: Shutting down and abandoning module InputBindingEditor (133)
[2014.11.30-01.01.58:848][782]LogModuleManager: Shutting down and abandoning module EditorSettingsViewer (132)
[2014.11.30-01.01.58:848][782]LogModuleManager: Shutting down and abandoning module SettingsEditor (131)
[2014.11.30-01.01.58:849][782]LogModuleManager: Shutting down and abandoning module ProjectLauncher (130)
[2014.11.30-01.01.58:849][782]LogModuleManager: Shutting down and abandoning module SessionFrontend (129)
[2014.11.30-01.01.58:849][782]LogModuleManager: Shutting down and abandoning module ProfilerClient (128)
[2014.11.30-01.01.58:849][782]LogModuleManager: Shutting down and abandoning module TargetDeviceServices (127)
[2014.11.30-01.01.58:849][782]LogModuleManager: Shutting down and abandoning module DeviceManager (126)
[2014.11.30-01.01.58:850][782]LogModuleManager: Shutting down and abandoning module AutomationController (125)
[2014.11.30-01.01.58:850][782]LogModuleManager: Shutting down and abandoning module AutomationWindow (124)
[2014.11.30-01.01.58:850][782]LogModuleManager: Shutting down and abandoning module Layers (123)
[2014.11.30-01.01.58:851][782]LogModuleManager: Shutting down and abandoning module ComponentVisualizers (122)
[2014.11.30-01.01.58:851][782]LogModuleManager: Shutting down and abandoning module DetailCustomizations (121)
[2014.11.30-01.01.58:851][782]LogModuleManager: Shutting down and abandoning module PackagesDialog (120)
[2014.11.30-01.01.58:852][782]LogModuleManager: Shutting down and abandoning module AssetRegistry (119)
[2014.11.30-01.01.58:932][782]LogModuleManager: Shutting down and abandoning module Persona (118)
[2014.11.30-01.01.58:933][782]LogModuleManager: Shutting down and abandoning module Kismet (117)
[2014.11.30-01.01.58:933][782]LogModuleManager: Shutting down and abandoning module GraphEditor (116)
[2014.11.30-01.01.58:933][782]LogModuleManager: Shutting down and abandoning module ClassViewer (115)
[2014.11.30-01.01.58:934][782]LogModuleManager: Shutting down and abandoning module Toolbox (114)
[2014.11.30-01.01.58:934][782]LogModuleManager: Shutting down and abandoning module ModuleUI (113)
[2014.11.30-01.01.58:934][782]LogModuleManager: Shutting down and abandoning module MovieSceneTools (112)
[2014.11.30-01.01.58:935][782]LogModuleManager: Shutting down and abandoning module OutputLog (111)
[2014.11.30-01.01.58:935][782]LogModuleManager: Shutting down and abandoning module GammaUI (110)
[2014.11.30-01.01.58:935][782]LogModuleManager: Shutting down and abandoning module Documentation (109)
[2014.11.30-01.01.58:936][782]LogModuleManager: Shutting down and abandoning module GameLiveStreaming (108)
[2014.11.30-01.01.58:936][782]LogModuleManager: Shutting down and abandoning module StreamingPauseRendering (107)
[2014.11.30-01.01.58:936][782]LogModuleManager: Shutting down and abandoning module HTTP (106)
[2014.11.30-01.01.58:936][782]LogModuleManager: Shutting down and abandoning module AnalyticsET (105)
[2014.11.30-01.01.58:937][782]LogModuleManager: Shutting down and abandoning module Analytics (104)
[2014.11.30-01.01.58:937][782]LogModuleManager: Shutting down and abandoning module GameplayDebugger (103)
[2014.11.30-01.01.58:937][782]LogModuleManager: Shutting down and abandoning module AIModule (102)
[2014.11.30-01.01.58:937][782]LogModuleManager: Shutting down and abandoning module ProfilerService (101)
[2014.11.30-01.01.59:004][782]LogModuleManager: Shutting down and abandoning module TaskGraph (100)
[2014.11.30-01.01.59:004][782]LogModuleManager: Shutting down and abandoning module SlateRemote (99)
[2014.11.30-01.01.59:005][782]LogModuleManager: Shutting down and abandoning module ScriptEditorPlugin (98)
[2014.11.30-01.01.59:005][782]LogModuleManager: Shutting down and abandoning module CustomMeshComponent (97)
[2014.11.30-01.01.59:005][782]LogModuleManager: Shutting down and abandoning module CableComponent (96)
[2014.11.30-01.01.59:005][782]LogModuleManager: Shutting down and abandoning module MessagingDebugger (95)
[2014.11.30-01.01.59:006][782]LogModuleManager: Shutting down and abandoning module MediaPlayerEditor (94)
[2014.11.30-01.01.59:006][782]LogModuleManager: Shutting down and abandoning module SpeedTreeImporter (93)
[2014.11.30-01.01.59:006][782]LogModuleManager: Shutting down and abandoning module PluginsEditor (92)
[2014.11.30-01.01.59:006][782]LogModuleManager: Shutting down and abandoning module EpicSurvey (91)
[2014.11.30-01.01.59:006][782]LogModuleManager: Shutting down and abandoning module DesktopPlatform (90)
[2014.11.30-01.01.59:007][782]LogModuleManager: Shutting down and abandoning module VisualStudioSourceCodeAccess (89)
[2014.11.30-01.01.59:007][782]LogModuleManager: Shutting down and abandoning module UObjectPlugin (88)
[2014.11.30-01.01.59:007][782]LogModuleManager: Shutting down and abandoning module SubversionSourceControl (87)
[2014.11.30-01.01.59:007][782]LogModuleManager: Shutting down and abandoning module SourceControl (86)
[2014.11.30-01.01.59:007][782]LogModuleManager: Shutting down and abandoning module PerforceSourceControl (85)
[2014.11.30-01.01.59:008][782]LogModuleManager: Shutting down and abandoning module BlankPlugin (84)
[2014.11.30-01.01.59:008][782]LogModuleManager: Shutting down and abandoning module SlateReflector (83)
[2014.11.30-01.01.59:008][782]LogModuleManager: Shutting down and abandoning module DirectoryWatcher (82)
[2014.11.30-01.01.59:009][782]LogModuleManager: Shutting down and abandoning module HotReload (81)
[2014.11.30-01.01.59:009][782]LogModuleManager: Shutting down and abandoning module MainFrame (80)
[2014.11.30-01.01.59:009][782]LogModuleManager: Shutting down and abandoning module LevelEditor (79)
[2014.11.30-01.01.59:010][782]LogModuleManager: Shutting down and abandoning module ViewportSnapping (78)
[2014.11.30-01.01.59:010][782]LogModuleManager: Shutting down and abandoning module SmartSnapping (77)
[2014.11.30-01.01.59:010][782]LogModuleManager: Shutting down and abandoning module PaperTiledImporter (76)
[2014.11.30-01.01.59:011][782]LogModuleManager: Shutting down and abandoning module PaperJsonImporter (75)
[2014.11.30-01.01.59:011][782]LogModuleManager: Shutting down and abandoning module ContentBrowser (74)
[2014.11.30-01.01.59:011][782]LogModuleManager: Shutting down and abandoning module PropertyEditor (73)
[2014.11.30-01.01.59:011][782]LogModuleManager: Shutting down and abandoning module Paper2DEditor (72)
[2014.11.30-01.01.59:011][782]LogModuleManager: Shutting down and abandoning module IndividualGame (71)
[2014.11.30-01.01.59:012][782]LogModuleManager: Shutting down and abandoning module ScriptPlugin (70)
[2014.11.30-01.01.59:012][782]LogModuleManager: Shutting down and abandoning module UdpMessaging (69)
[2014.11.30-01.01.59:113][782]LogModuleManager: Shutting down and abandoning module Paper2D (68)
[2014.11.30-01.01.59:113][782]LogModuleManager: Shutting down and abandoning module WindowsMoviePlayer (67)
[2014.11.30-01.01.59:116][782]LogModuleManager: Shutting down and abandoning module Media (66)
[2014.11.30-01.01.59:117][782]LogModuleManager: Shutting down and abandoning module WmfMedia (65)
[2014.11.30-01.01.59:118][782]LogModuleManager: Shutting down and abandoning module OnlineBlueprintSupport (64)
[2014.11.30-01.01.59:119][782]LogModuleManager: Shutting down and abandoning module FunctionalTesting (63)
[2014.11.30-01.01.59:119][782]LogModuleManager: Shutting down and abandoning module CollisionAnalyzer (62)
[2014.11.30-01.01.59:119][782]LogModuleManager: Shutting down and abandoning module WorkspaceMenuStructure (61)
[2014.11.30-01.01.59:120][782]LogModuleManager: Shutting down and abandoning module MessageLog (60)
[2014.11.30-01.01.59:120][782]LogModuleManager: Shutting down and abandoning module Sequencer (59)
[2014.11.30-01.01.59:120][782]LogModuleManager: Shutting down and abandoning module AssetTools (58)
[2014.11.30-01.01.59:120][782]LogModuleManager: Shutting down and abandoning module UMGEditor (57)
[2014.11.30-01.01.59:121][782]LogModuleManager: Shutting down and abandoning module UMG (56)
[2014.11.30-01.01.59:121][782]LogModuleManager: Shutting down and abandoning module Slate (55)
[2014.11.30-01.01.59:121][782]LogModuleManager: Shutting down and abandoning module EditorStyle (54)
[2014.11.30-01.01.59:122][782]LogModuleManager: Shutting down and abandoning module SessionServices (53)
[2014.11.30-01.01.59:123][782]LogModuleManager: Shutting down and abandoning module SourceCodeAccess (52)
[2014.11.30-01.01.59:123][782]LogModuleManager: Shutting down and abandoning module HeadMountedDisplay (51)
[2014.11.30-01.01.59:123][782]LogModuleManager: Shutting down and abandoning module XAudio2 (50)
[2014.11.30-01.01.59:123][782]LogModuleManager: Shutting down and abandoning module Networking (48)
[2014.11.30-01.01.59:124][782]LogModuleManager: Shutting down and abandoning module Core (47)
[2014.11.30-01.01.59:124][782]LogModuleManager: Shutting down and abandoning module KismetCompiler (46)
[2014.11.30-01.01.59:124][782]LogModuleManager: Shutting down and abandoning module PhysXFormats (45)
[2014.11.30-01.01.59:124][782]LogModuleManager: Shutting down and abandoning module MeshUtilities (44)
[2014.11.30-01.01.59:124][782]LogModuleManager: Shutting down and abandoning module DerivedDataCache (43)
[2014.11.30-01.01.59:128][782]LogDerivedDataCache: Shutdown
[2014.11.30-01.01.59:129][782]LogModuleManager: Shutting down and abandoning module ShaderFormatOpenGL (42)
[2014.11.30-01.01.59:129][782]LogModuleManager: Shutting down and abandoning module ShaderFormatD3D (41)
[2014.11.30-01.01.59:129][782]LogModuleManager: Shutting down and abandoning module MetalShaderFormat (40)
[2014.11.30-01.01.59:129][782]LogModuleManager: Shutting down and abandoning module TextureFormatUncompressed (39)
[2014.11.30-01.01.59:130][782]LogModuleManager: Shutting down and abandoning module TextureFormatPVR (38)
[2014.11.30-01.01.59:130][782]LogModuleManager: Shutting down and abandoning module TextureFormatDXT (37)
[2014.11.30-01.01.59:130][782]LogModuleManager: Shutting down and abandoning module TextureFormatAndroid (36)
[2014.11.30-01.01.59:130][782]LogModuleManager: Shutting down and abandoning module AudioFormatOpus (35)
[2014.11.30-01.01.59:130][782]LogModuleManager: Shutting down and abandoning module AudioFormatOgg (34)
[2014.11.30-01.01.59:131][782]LogModuleManager: Shutting down and abandoning module AudioFormatADPCM (33)
[2014.11.30-01.01.59:131][782]LogModuleManager: Shutting down and abandoning module Messaging (32)
[2014.11.30-01.01.59:131][782]LogModuleManager: Shutting down and abandoning module IOSTargetPlatform (31)
[2014.11.30-01.01.59:131][782]LogModuleManager: Shutting down and abandoning module Android_PVRTCTargetPlatform (30)
[2014.11.30-01.01.59:131][782]LogModuleManager: Shutting down and abandoning module Android_ETC2TargetPlatform (29)
[2014.11.30-01.01.59:132][782]LogModuleManager: Shutting down and abandoning module Android_ETC1TargetPlatform (28)
[2014.11.30-01.01.59:132][782]LogModuleManager: Shutting down and abandoning module Android_DXTTargetPlatform (27)
[2014.11.30-01.01.59:132][782]LogModuleManager: Shutting down and abandoning module Android_ATCTargetPlatform (26)
[2014.11.30-01.01.59:133][782]LogModuleManager: Shutting down and abandoning module AndroidTargetPlatform (25)
[2014.11.30-01.01.59:133][782]LogModuleManager: Shutting down and abandoning module WindowsTargetPlatform (24)
[2014.11.30-01.01.59:133][782]LogModuleManager: Shutting down and abandoning module WindowsServerTargetPlatform (23)
[2014.11.30-01.01.59:134][782]LogModuleManager: Shutting down and abandoning module WindowsNoEditorTargetPlatform (22)
[2014.11.30-01.01.59:134][782]LogModuleManager: Shutting down and abandoning module WindowsClientTargetPlatform (21)
[2014.11.30-01.01.59:135][782]LogModuleManager: Shutting down and abandoning module TargetPlatform (20)
[2014.11.30-01.01.59:135][782]LogModuleManager: Shutting down and abandoning module InputCore (19)
[2014.11.30-01.01.59:136][782]LogModuleManager: Shutting down and abandoning module Settings (18)
[2014.11.30-01.01.59:136][782]LogModuleManager: Shutting down and abandoning module ImageWrapper (17)
[2014.11.30-01.01.59:136][782]LogModuleManager: Shutting down and abandoning module OculusRift (14)
[2014.11.30-01.01.59:136][782]LogModuleManager: Shutting down and abandoning module ExampleDeviceProfileSelector (13)
[2014.11.30-01.01.59:137][782]LogModuleManager: Shutting down and abandoning module TextureCompressor (12)
[2014.11.30-01.01.59:137][782]LogModuleManager: Shutting down and abandoning module ShaderCore (11)
[2014.11.30-01.01.59:137][782]LogModuleManager: Shutting down and abandoning module SlateRHIRenderer (10)
[2014.11.30-01.01.59:139][782]LogModuleManager: Shutting down and abandoning module OpenGLDrv (9)
[2014.11.30-01.01.59:140][782]LogModuleManager: Shutting down and abandoning module D3D11RHI (8)
[2014.11.30-01.01.59:140][782]LogModuleManager: Shutting down and abandoning module Renderer (7)
[2014.11.30-01.01.59:140][782]LogModuleManager: Shutting down and abandoning module Engine (6)
[2014.11.30-01.01.59:141][782]LogModuleManager: Shutting down and abandoning module CoreUObject (5)
[2014.11.30-01.01.59:141][782]LogModuleManager: Shutting down and abandoning module NetworkFile (4)
[2014.11.30-01.01.59:141][782]LogModuleManager: Shutting down and abandoning module StreamingFile (3)
[2014.11.30-01.01.59:142][782]LogModuleManager: Shutting down and abandoning module SandboxFile (2)
[2014.11.30-01.01.59:142][782]LogModuleManager: Shutting down and abandoning module PakFile (1)
[2014.11.30-01.01.59:144][782]LogExit: Exiting.
[2014.11.30-01.01.59:157][782]Log file closed, 11/30/14 01:01:59
